<?xml version="1.0" encoding="UTF-8"?>
<!-- Generated by org.testng.reporters.JUnitXMLReporter -->
<testsuite ignored="0" hostname="Karthick" failures="1" tests="3" name="Test" time="0.133" errors="0" timestamp="2024-08-23T13:49:19 IST">
  <testcase classname="test.TestRunner" name="tc01" time="0.03">
    <failure type="java.lang.AssertionError" message="expected [true] but found [false]">
      <![CDATA[java.lang.AssertionError: expected [true] but found [false]
at test.TestRunner.tc01(TestRunner.java:10)
at java.base/java.util.ArrayList.forEach(ArrayList.java:1596)
... Removed 29 stack frames]]>
    </failure>
  </testcase> <!-- tc01 -->
  <testcase classname="test.TestRunner" name="tc02" time="0.005"/>
  <testcase classname="test.TestRunner" name="tc03" time="0.001">
    <skipped/>
  </testcase> <!-- tc03 -->
</testsuite> <!-- Test -->
